<?xml version="1.0" encoding="UTF-8"?>
<!-- Generated by org.testng.reporters.JUnitReportReporter -->
<testsuite hostname="Prasadgvv" failures="0" tests="1" name="com.links.AllLinks" time="5.674" errors="0" timestamp="2023-09-08T18:27:59 IST" skipped="0">
  <testcase classname="com.links.AllLinks" name="getAllLinks" time="5.674"/>
  <system-out/>
</testsuite> <!-- com.links.AllLinks -->
