<?xml version="1.0" encoding="UTF-8"?>
<!-- Generated by org.testng.reporters.JUnitReportReporter -->
<testsuite hostname="Prasadgvv" failures="0" tests="1" name="com.testScripts.CreateAccount" time="1.315" errors="0" timestamp="2023-07-29T13:40:07 IST" skipped="0">
  <testcase classname="com.testScripts.CreateAccount" name="createAccount" time="1.315"/>
  <system-out/>
</testsuite> <!-- com.testScripts.CreateAccount -->
